#
# There is insufficient memory for the Java Runtime Environment to continue.
# Native memory allocation (malloc) failed to allocate 32744 bytes for ChunkPool::allocate
# Possible reasons:
#   The system is out of physical RAM or swap space
#   In 32 bit mode, the process size limit was hit
# Possible solutions:
#   Reduce memory load on the system
#   Increase physical memory or swap space
#   Check if swap backing store is full
#   Use 64 bit Java on a 64 bit OS
#   Decrease Java heap size (-Xmx/-Xms)
#   Decrease number of Java threads
#   Decrease Java thread stack sizes (-Xss)
#   Set larger code cache with -XX:ReservedCodeCacheSize=
# This output file may be truncated or incomplete.
#
#  Out of Memory Error (allocation.cpp:273), pid=7460, tid=14680
#
# JRE version: Java(TM) SE Runtime Environment (8.0_60-b27) (build 1.8.0_60-b27)
# Java VM: Java HotSpot(TM) 64-Bit Server VM (25.60-b23 mixed mode windows-amd64 compressed oops)
# Failed to write core dump. Minidumps are not enabled by default on client versions of Windows
#

---------------  T H R E A D  ---------------

Current thread (0x00000000175be000):  JavaThread "C1 CompilerThread2" daemon [_thread_in_native, id=14680, stack(0x0000000017da0000,0x0000000017ea0000)]

Stack: [0x0000000017da0000,0x0000000017ea0000]
[error occurred during error reporting (printing stack bounds), id 0xc0000005]

Native frames: (J=compiled Java code, j=interpreted, Vv=VM code, C=native code)


Current CompileTask:
C1:  26026 4288       1       java.text.SimpleDateFormat::subFormat (1260 bytes)


---------------  P R O C E S S  ---------------

Java Threads: ( => current thread )
  0x000000001b11e000 JavaThread "http-nio-8001-exec-1" daemon [_thread_blocked, id=5796, stack(0x000000001d740000,0x000000001d840000)]
  0x000000001b11c800 JavaThread "http-nio-8001-BlockPoller" daemon [_thread_in_native, id=23308, stack(0x000000001d640000,0x000000001d740000)]
  0x000000001b11d800 JavaThread "DiscoveryClient-InstanceInfoReplicator-0" daemon [_thread_in_native, id=18632, stack(0x000000001d540000,0x000000001d640000)]
  0x000000001b117000 JavaThread "DiscoveryClient-1" daemon [_thread_blocked, id=20832, stack(0x000000001d440000,0x000000001d540000)]
  0x000000001b11a800 JavaThread "DiscoveryClient-0" daemon [_thread_blocked, id=39048, stack(0x000000001d340000,0x000000001d440000)]
  0x000000001b119000 JavaThread "AsyncResolver-bootstrap-0" daemon [_thread_blocked, id=12476, stack(0x000000001cb40000,0x000000001cc40000)]
  0x000000001b118000 JavaThread "Eureka-JerseyClient-Conn-Cleaner2" daemon [_thread_blocked, id=37292, stack(0x000000001ca40000,0x000000001cb40000)]
  0x000000001b116800 JavaThread "File Watcher" daemon [_thread_blocked, id=8816, stack(0x000000001c740000,0x000000001c840000)]
  0x0000000018ebb000 JavaThread "container-0" [_thread_blocked, id=26564, stack(0x000000001c240000,0x000000001c340000)]
  0x0000000018ebb800 JavaThread "Catalina-utility-2" [_thread_blocked, id=3688, stack(0x000000001c140000,0x000000001c240000)]
  0x0000000018ebd000 JavaThread "Catalina-utility-1" [_thread_blocked, id=6668, stack(0x0000000019a70000,0x0000000019b70000)]
  0x0000000018eba000 JavaThread "spring.cloud.inetutils" daemon [_thread_in_native, id=21816, stack(0x0000000019b70000,0x0000000019c70000)]
  0x0000000017b31000 JavaThread "restartedMain" [_thread_in_vm, id=32060, stack(0x0000000019970000,0x0000000019a70000)]
  0x0000000017b2e000 JavaThread "Thread-3" [_thread_blocked, id=31516, stack(0x00000000186a0000,0x00000000187a0000)]
  0x0000000017998000 JavaThread "RMI Scheduler(0)" daemon [_thread_blocked, id=35148, stack(0x00000000185a0000,0x00000000186a0000)]
  0x0000000017975000 JavaThread "RMI TCP Connection(2)-127.0.0.1" daemon [_thread_in_native, id=34288, stack(0x00000000184a0000,0x00000000185a0000)]
  0x00000000177e7000 JavaThread "RMI TCP Connection(1)-127.0.0.1" daemon [_thread_in_native, id=41028, stack(0x00000000183a0000,0x00000000184a0000)]
  0x00000000177e5000 JavaThread "RMI TCP Accept-0" daemon [_thread_in_native, id=12592, stack(0x00000000181a0000,0x00000000182a0000)]
  0x0000000017785800 JavaThread "RMI TCP Accept-53443" daemon [_thread_in_native, id=25920, stack(0x00000000180a0000,0x00000000181a0000)]
  0x000000001777c000 JavaThread "RMI TCP Accept-0" daemon [_thread_in_native, id=20368, stack(0x0000000017fa0000,0x00000000180a0000)]
  0x000000001765f800 JavaThread "Service Thread" daemon [_thread_blocked, id=31052, stack(0x0000000017ea0000,0x0000000017fa0000)]
=>0x00000000175be000 JavaThread "C1 CompilerThread2" daemon [_thread_in_native, id=14680, stack(0x0000000017da0000,0x0000000017ea0000)]
  0x00000000175bd000 JavaThread "C2 CompilerThread1" daemon [_thread_blocked, id=3976, stack(0x0000000017ca0000,0x0000000017da0000)]
  0x00000000175b8800 JavaThread "C2 CompilerThread0" daemon [_thread_blocked, id=6772, stack(0x0000000017ba0000,0x0000000017ca0000)]
  0x00000000153ee800 JavaThread "JDWP Command Reader" daemon [_thread_in_native, id=28700, stack(0x00000000172a0000,0x00000000173a0000)]
  0x00000000153e1000 JavaThread "JDWP Event Helper Thread" daemon [_thread_blocked, id=16168, stack(0x00000000171a0000,0x00000000172a0000)]
  0x00000000153d5000 JavaThread "JDWP Transport Listener: dt_socket" daemon [_thread_blocked, id=44328, stack(0x00000000170a0000,0x00000000171a0000)]
  0x00000000153b8800 JavaThread "Attach Listener" daemon [_thread_blocked, id=42628, stack(0x0000000016fa0000,0x00000000170a0000)]
  0x00000000153b7800 JavaThread "Signal Dispatcher" daemon [_thread_blocked, id=41032, stack(0x0000000016ea0000,0x0000000016fa0000)]
  0x0000000002c1c800 JavaThread "Finalizer" daemon [_thread_blocked, id=30692, stack(0x0000000016600000,0x0000000016700000)]
  0x0000000015369000 JavaThread "Reference Handler" daemon [_thread_blocked, id=18980, stack(0x0000000016500000,0x0000000016600000)]
  0x0000000002b23000 JavaThread "main" [_thread_blocked, id=8044, stack(0x0000000002a20000,0x0000000002b20000)]

Other Threads:
  0x0000000015366800 VMThread [stack: 0x0000000016400000,0x0000000016500000] [id=2068]
  0x00000000177e6000 WatcherThread [stack: 0x00000000182a0000,0x00000000183a0000] [id=45848]

VM state:not at safepoint (normal execution)

VM Mutex/Monitor currently owned by a thread: None

Heap:
 PSYoungGen      total 136704K, used 58049K [0x00000000eb400000, 0x00000000f4680000, 0x0000000100000000)
  eden space 124928K, 46% used [0x00000000eb400000,0x00000000eecb05d8,0x00000000f2e00000)
  from space 11776K, 0% used [0x00000000f2e00000,0x00000000f2e00000,0x00000000f3980000)
  to   space 11776K, 0% used [0x00000000f3b00000,0x00000000f3b00000,0x00000000f4680000)
 ParOldGen       total 55808K, used 19624K [0x00000000c1c00000, 0x00000000c5280000, 0x00000000eb400000)
  object space 55808K, 35% used [0x00000000c1c00000,0x00000000c2f2a390,0x00000000c5280000)
 Metaspace       used 43951K, capacity 46320K, committed 46976K, reserved 1091584K
  class space    used 6002K, capacity 6453K, committed 6528K, reserved 1048576K

Card table byte_map: [0x0000000012190000,0x0000000012390000] byte_map_base: 0x0000000011b82000

Marking Bits: (ParMarkBitMap*) 0x0000000060d8a5b0
 Begin Bits: [0x00000000128e0000, 0x0000000013870000)
 End Bits:   [0x0000000013870000, 0x0000000014800000)

Polling page: 0x0000000002640000

CodeCache: size=245760Kb used=8406Kb max_used=8406Kb free=237353Kb
 bounds [0x0000000002dd0000, 0x0000000003610000, 0x0000000011dd0000]
 total_blobs=4714 nmethods=4227 adapters=407
 compilation: enabled

Compilation events (10 events):
Event: 25.961 Thread 0x00000000175be000 nmethod 4282 0x00000000036048d0 code [0x0000000003604a60, 0x0000000003604d78]
Event: 25.961 Thread 0x00000000175be000 4283       1       org.springframework.boot.autoconfigure.condition.ConditionEvaluationReport::addNoMatchOutcomeToAncestors (37 bytes)
Event: 25.962 Thread 0x00000000175be000 nmethod 4283 0x0000000003604fd0 code [0x0000000003605160, 0x0000000003605518]
Event: 25.962 Thread 0x00000000175be000 4284       1       org.springframework.boot.autoconfigure.condition.ConditionEvaluationReport$$Lambda$230/129172261::get$Lambda (10 bytes)
Event: 25.962 Thread 0x00000000175be000 nmethod 4284 0x0000000003605790 code [0x00000000036058e0, 0x0000000003605a50]
Event: 25.962 Thread 0x00000000175be000 4285       1       java.util.concurrent.ConcurrentHashMap::containsKey (14 bytes)
Event: 25.962 Thread 0x00000000175be000 nmethod 4285 0x0000000003605ad0 code [0x0000000003605c20, 0x0000000003605d88]
Event: 25.987 Thread 0x00000000175be000 4287       1       com.fasterxml.jackson.databind.JavaType::hashCode (5 bytes)
Event: 25.987 Thread 0x00000000175be000 nmethod 4287 0x0000000003606f50 code [0x00000000036070a0, 0x00000000036071b0]
Event: 26.009 Thread 0x00000000175be000 4288       1       java.text.SimpleDateFormat::subFormat (1260 bytes)

GC Heap History (10 events):
Event: 24.395 GC heap before
{Heap before GC invocations=19 (full 4):
 PSYoungGen      total 136704K, used 96K [0x00000000eb400000, 0x00000000f4f80000, 0x0000000100000000)
  eden space 128512K, 0% used [0x00000000eb400000,0x00000000eb400000,0x00000000f3180000)
  from space 8192K, 1% used [0x00000000f3180000,0x00000000f3198000,0x00000000f3980000)
  to   space 6144K, 0% used [0x00000000f3980000,0x00000000f3980000,0x00000000f3f80000)
 ParOldGen       total 55808K, used 25736K [0x00000000c1c00000, 0x00000000c5280000, 0x00000000eb400000)
  object space 55808K, 46% used [0x00000000c1c00000,0x00000000c35223c8,0x00000000c5280000)
 Metaspace       used 39136K, capacity 41604K, committed 41728K, reserved 1091584K
  class space    used 5377K, capacity 5855K, committed 5888K, reserved 1048576K
Event: 24.462 GC heap after
Heap after GC invocations=19 (full 4):
 PSYoungGen      total 136704K, used 0K [0x00000000eb400000, 0x00000000f4f80000, 0x0000000100000000)
  eden space 128512K, 0% used [0x00000000eb400000,0x00000000eb400000,0x00000000f3180000)
  from space 8192K, 0% used [0x00000000f3180000,0x00000000f3180000,0x00000000f3980000)
  to   space 6144K, 0% used [0x00000000f3980000,0x00000000f3980000,0x00000000f3f80000)
 ParOldGen       total 55808K, used 23428K [0x00000000c1c00000, 0x00000000c5280000, 0x00000000eb400000)
  object space 55808K, 41% used [0x00000000c1c00000,0x00000000c32e1040,0x00000000c5280000)
 Metaspace       used 39136K, capacity 41604K, committed 41728K, reserved 1087488K
  class space    used 5377K, capacity 5855K, committed 5888K, reserved 1048576K
}
Event: 24.462 GC heap before
{Heap before GC invocations=20 (full 4):
 PSYoungGen      total 136704K, used 0K [0x00000000eb400000, 0x00000000f4f80000, 0x0000000100000000)
  eden space 128512K, 0% used [0x00000000eb400000,0x00000000eb400000,0x00000000f3180000)
  from space 8192K, 0% used [0x00000000f3180000,0x00000000f3180000,0x00000000f3980000)
  to   space 6144K, 0% used [0x00000000f3980000,0x00000000f3980000,0x00000000f3f80000)
 ParOldGen       total 55808K, used 23428K [0x00000000c1c00000, 0x00000000c5280000, 0x00000000eb400000)
  object space 55808K, 41% used [0x00000000c1c00000,0x00000000c32e1040,0x00000000c5280000)
 Metaspace       used 39136K, capacity 41604K, committed 41728K, reserved 1091584K
  class space    used 5377K, capacity 5855K, committed 5888K, reserved 1048576K
Event: 24.464 GC heap after
Heap after GC invocations=20 (full 4):
 PSYoungGen      total 131072K, used 0K [0x00000000eb400000, 0x00000000f4c80000, 0x0000000100000000)
  eden space 124928K, 0% used [0x00000000eb400000,0x00000000eb400000,0x00000000f2e00000)
  from space 6144K, 0% used [0x00000000f3980000,0x00000000f3980000,0x00000000f3f80000)
  to   space 11776K, 0% used [0x00000000f2e00000,0x00000000f2e00000,0x00000000f3980000)
 ParOldGen       total 55808K, used 23428K [0x00000000c1c00000, 0x00000000c5280000, 0x00000000eb400000)
  object space 55808K, 41% used [0x00000000c1c00000,0x00000000c32e1040,0x00000000c5280000)
 Metaspace       used 39136K, capacity 41604K, committed 41728K, reserved 1091584K
  class space    used 5377K, capacity 5855K, committed 5888K, reserved 1048576K
}
Event: 24.464 GC heap before
{Heap before GC invocations=21 (full 5):
 PSYoungGen      total 131072K, used 0K [0x00000000eb400000, 0x00000000f4c80000, 0x0000000100000000)
  eden space 124928K, 0% used [0x00000000eb400000,0x00000000eb400000,0x00000000f2e00000)
  from space 6144K, 0% used [0x00000000f3980000,0x00000000f3980000,0x00000000f3f80000)
  to   space 11776K, 0% used [0x00000000f2e00000,0x00000000f2e00000,0x00000000f3980000)
 ParOldGen       total 55808K, used 23428K [0x00000000c1c00000, 0x00000000c5280000, 0x00000000eb400000)
  object space 55808K, 41% used [0x00000000c1c00000,0x00000000c32e1040,0x00000000c5280000)
 Metaspace       used 39136K, capacity 41604K, committed 41728K, reserved 1091584K
  class space    used 5377K, capacity 5855K, committed 5888K, reserved 1048576K
Event: 24.635 GC heap after
Heap after GC invocations=21 (full 5):
 PSYoungGen      total 131072K, used 0K [0x00000000eb400000, 0x00000000f4c80000, 0x0000000100000000)
  eden space 124928K, 0% used [0x00000000eb400000,0x00000000eb400000,0x00000000f2e00000)
  from space 6144K, 0% used [0x00000000f3980000,0x00000000f3980000,0x00000000f3f80000)
  to   space 11776K, 0% used [0x00000000f2e00000,0x00000000f2e00000,0x00000000f3980000)
 ParOldGen       total 55808K, used 18854K [0x00000000c1c00000, 0x00000000c5280000, 0x00000000eb400000)
  object space 55808K, 33% used [0x00000000c1c00000,0x00000000c2e69a58,0x00000000c5280000)
 Metaspace       used 39136K, capacity 41604K, committed 41728K, reserved 1087488K
  class space    used 5377K, capacity 5855K, committed 5888K, reserved 1048576K
}
Event: 24.954 GC heap before
{Heap before GC invocations=22 (full 5):
 PSYoungGen      total 131072K, used 28181K [0x00000000eb400000, 0x00000000f4c80000, 0x0000000100000000)
  eden space 124928K, 22% used [0x00000000eb400000,0x00000000ecf85500,0x00000000f2e00000)
  from space 6144K, 0% used [0x00000000f3980000,0x00000000f3980000,0x00000000f3f80000)
  to   space 11776K, 0% used [0x00000000f2e00000,0x00000000f2e00000,0x00000000f3980000)
 ParOldGen       total 55808K, used 18854K [0x00000000c1c00000, 0x00000000c5280000, 0x00000000eb400000)
  object space 55808K, 33% used [0x00000000c1c00000,0x00000000c2e69a58,0x00000000c5280000)
 Metaspace       used 40857K, capacity 43358K, committed 43520K, reserved 1091584K
  class space    used 5593K, capacity 6062K, committed 6144K, reserved 1048576K
Event: 24.959 GC heap after
Heap after GC invocations=22 (full 5):
 PSYoungGen      total 136704K, used 2508K [0x00000000eb400000, 0x00000000f4680000, 0x0000000100000000)
  eden space 124928K, 0% used [0x00000000eb400000,0x00000000eb400000,0x00000000f2e00000)
  from space 11776K, 21% used [0x00000000f2e00000,0x00000000f3073150,0x00000000f3980000)
  to   space 11776K, 0% used [0x00000000f3b00000,0x00000000f3b00000,0x00000000f4680000)
 ParOldGen       total 55808K, used 18854K [0x00000000c1c00000, 0x00000000c5280000, 0x00000000eb400000)
  object space 55808K, 33% used [0x00000000c1c00000,0x00000000c2e69a58,0x00000000c5280000)
 Metaspace       used 40857K, capacity 43358K, committed 43520K, reserved 1091584K
  class space    used 5593K, capacity 6062K, committed 6144K, reserved 1048576K
}
Event: 24.959 GC heap before
{Heap before GC invocations=23 (full 6):
 PSYoungGen      total 136704K, used 2508K [0x00000000eb400000, 0x00000000f4680000, 0x0000000100000000)
  eden space 124928K, 0% used [0x00000000eb400000,0x00000000eb400000,0x00000000f2e00000)
  from space 11776K, 21% used [0x00000000f2e00000,0x00000000f3073150,0x00000000f3980000)
  to   space 11776K, 0% used [0x00000000f3b00000,0x00000000f3b00000,0x00000000f4680000)
 ParOldGen       total 55808K, used 18854K [0x00000000c1c00000, 0x00000000c5280000, 0x00000000eb400000)
  object space 55808K, 33% used [0x00000000c1c00000,0x00000000c2e69a58,0x00000000c5280000)
 Metaspace       used 40857K, capacity 43358K, committed 43520K, reserved 1091584K
  class space    used 5593K, capacity 6062K, committed 6144K, reserved 1048576K
Event: 25.034 GC heap after
Heap after GC invocations=23 (full 6):
 PSYoungGen      total 136704K, used 0K [0x00000000eb400000, 0x00000000f4680000, 0x0000000100000000)
  eden space 124928K, 0% used [0x00000000eb400000,0x00000000eb400000,0x00000000f2e00000)
  from space 11776K, 0% used [0x00000000f2e00000,0x00000000f2e00000,0x00000000f3980000)
  to   space 11776K, 0% used [0x00000000f3b00000,0x00000000f3b00000,0x00000000f4680000)
 ParOldGen       total 55808K, used 19624K [0x00000000c1c00000, 0x00000000c5280000, 0x00000000eb400000)
  object space 55808K, 35% used [0x00000000c1c00000,0x00000000c2f2a390,0x00000000c5280000)
 Metaspace       used 40567K, capacity 42894K, committed 43520K, reserved 1089536K
  class space    used 5547K, capacity 5980K, committed 6144K, reserved 1048576K
}

Deoptimization events (0 events):
No events

Internal exceptions (10 events):
Event: 25.928 Thread 0x0000000017b31000 Exception <a 'java/lang/ArrayIndexOutOfBoundsException'> (0x00000000ee5229e0) thrown at [C:\re\workspace\8-2-build-windows-amd64-cygwin\jdk8u60\4407\hotspot\src\share\vm\runtime\sharedRuntime.cpp, line 605]
Event: 25.929 Thread 0x0000000017b31000 Exception <a 'java/lang/ArrayIndexOutOfBoundsException'> (0x00000000ee524fb8) thrown at [C:\re\workspace\8-2-build-windows-amd64-cygwin\jdk8u60\4407\hotspot\src\share\vm\runtime\sharedRuntime.cpp, line 605]
Event: 25.934 Thread 0x0000000017b31000 Exception <a 'java/lang/ArrayIndexOutOfBoundsException'> (0x00000000ee54ea48) thrown at [C:\re\workspace\8-2-build-windows-amd64-cygwin\jdk8u60\4407\hotspot\src\share\vm\runtime\sharedRuntime.cpp, line 605]
Event: 25.942 Thread 0x000000001b11d800 Exception <a 'java/net/SocketTimeoutException': Read timed out> (0x00000000ee750ef8) thrown at [C:\re\workspace\8-2-build-windows-amd64-cygwin\jdk8u60\4407\hotspot\src\share\vm\prims\jni.cpp, line 735]
Event: 25.977 Thread 0x000000001b11d800 Exception <a 'java/lang/ArrayIndexOutOfBoundsException'> (0x00000000ee91f100) thrown at [C:\re\workspace\8-2-build-windows-amd64-cygwin\jdk8u60\4407\hotspot\src\share\vm\runtime\sharedRuntime.cpp, line 605]
Event: 25.977 Thread 0x000000001b11d800 Exception <a 'java/lang/ArrayIndexOutOfBoundsException'> (0x00000000ee920930) thrown at [C:\re\workspace\8-2-build-windows-amd64-cygwin\jdk8u60\4407\hotspot\src\share\vm\runtime\sharedRuntime.cpp, line 605]
Event: 25.978 Thread 0x000000001b11d800 Exception <a 'java/lang/ArrayIndexOutOfBoundsException'> (0x00000000ee92b608) thrown at [C:\re\workspace\8-2-build-windows-amd64-cygwin\jdk8u60\4407\hotspot\src\share\vm\runtime\sharedRuntime.cpp, line 605]
Event: 25.978 Thread 0x000000001b11d800 Exception <a 'java/lang/ArrayIndexOutOfBoundsException'> (0x00000000ee92d358) thrown at [C:\re\workspace\8-2-build-windows-amd64-cygwin\jdk8u60\4407\hotspot\src\share\vm\runtime\sharedRuntime.cpp, line 605]
Event: 25.987 Thread 0x000000001b11d800 Exception <a 'java/lang/ArrayIndexOutOfBoundsException'> (0x00000000ee967748) thrown at [C:\re\workspace\8-2-build-windows-amd64-cygwin\jdk8u60\4407\hotspot\src\share\vm\runtime\sharedRuntime.cpp, line 605]
Event: 26.005 Thread 0x0000000017b31000 Exception <a 'java/lang/OutOfMemoryError': unable to create new native thread> (0x00000000eeaadec0) thrown at [C:\re\workspace\8-2-build-windows-amd64-cygwin\jdk8u60\4407\hotspot\src\share\vm\prims\jvm.cpp, line 3020]

Events (10 events):
Event: 26.007 Thread 0x0000000017b31000 DEOPT PACKING pc=0x00000000035bc33c sp=0x0000000019a6d600
Event: 26.007 Thread 0x0000000017b31000 DEOPT UNPACKING pc=0x0000000002e1787f sp=0x0000000019a6d420 mode 1
Event: 26.007 loading class org/springframework/boot/ExitCodeExceptionMapper
Event: 26.007 loading class org/springframework/boot/ExitCodeExceptionMapper done
Event: 26.007 Thread 0x0000000017b31000 DEOPT PACKING pc=0x0000000002fd3489 sp=0x0000000019a6d3e0
Event: 26.007 Thread 0x0000000017b31000 DEOPT UNPACKING pc=0x0000000002e1787f sp=0x0000000019a6d130 mode 1
Event: 26.007 Thread 0x0000000017b31000 DEOPT PACKING pc=0x00000000035bc3f4 sp=0x0000000019a6d460
Event: 26.007 Thread 0x0000000017b31000 DEOPT UNPACKING pc=0x0000000002e1787f sp=0x0000000019a6d280 mode 1
Event: 26.007 Thread 0x0000000017b31000 DEOPT PACKING pc=0x00000000035bc33c sp=0x0000000019a6d5f0
Event: 26.007 Thread 0x0000000017b31000 DEOPT UNPACKING pc=0x0000000002e1787f sp=0x0000000019a6d410 mode 1


Dynamic libraries:
0x00007ff74d480000 - 0x00007ff74d4b7000 	K:\ProgramInstall\JDK\jdk1.8\jdk1.8.0_60\bin\java.exe
0x00007ffeb42a0000 - 0x00007ffeb444c000 	C:\Windows\SYSTEM32\ntdll.dll
0x00007ffeb3c40000 - 0x00007ffeb3d7e000 	C:\Windows\system32\KERNEL32.DLL
0x00007ffeb14c0000 - 0x00007ffeb15d5000 	C:\Windows\system32\KERNELBASE.dll
0x00007ffeaff90000 - 0x00007ffeb001e000 	C:\Windows\system32\apphelp.dll
0x00007ffe95d50000 - 0x00007ffe95da3000 	C:\Windows\AppPatch\AppPatch64\AcGenral.DLL
0x00007ffeb3d80000 - 0x00007ffeb3e2a000 	C:\Windows\system32\msvcrt.dll
0x00007ffeb1220000 - 0x00007ffeb124e000 	C:\Windows\SYSTEM32\SspiCli.dll
0x00007ffeb3f80000 - 0x00007ffeb3fd4000 	C:\Windows\system32\SHLWAPI.dll
0x00007ffeb4090000 - 0x00007ffeb4207000 	C:\Windows\system32\USER32.dll
0x00007ffeb1d60000 - 0x00007ffeb1ef4000 	C:\Windows\system32\ole32.dll
0x00007ffeb2320000 - 0x00007ffeb3839000 	C:\Windows\system32\SHELL32.dll
0x00007ffeb0990000 - 0x00007ffeb09b1000 	C:\Windows\SYSTEM32\USERENV.dll
0x00007ffeb3fe0000 - 0x00007ffeb408a000 	C:\Windows\system32\ADVAPI32.dll
0x00007ffeadae0000 - 0x00007ffeadafe000 	C:\Windows\SYSTEM32\MPR.dll
0x00007ffeb21c0000 - 0x00007ffeb2301000 	C:\Windows\system32\RPCRT4.dll
0x00007ffeb4230000 - 0x00007ffeb4289000 	C:\Windows\SYSTEM32\sechost.dll
0x00007ffeb1b40000 - 0x00007ffeb1d51000 	C:\Windows\SYSTEM32\combase.dll
0x00007ffeb1fc0000 - 0x00007ffeb2111000 	C:\Windows\system32\GDI32.dll
0x00007ffeb13f0000 - 0x00007ffeb1405000 	C:\Windows\SYSTEM32\profapi.dll
0x00007ffeaf960000 - 0x00007ffeafa12000 	C:\Windows\SYSTEM32\SHCORE.dll
0x00007ffeb2120000 - 0x00007ffeb2156000 	C:\Windows\system32\IMM32.DLL
0x00007ffeb19e0000 - 0x00007ffeb1b33000 	C:\Windows\system32\MSCTF.dll
0x00007ffeaf4e0000 - 0x00007ffeaf75b000 	C:\Windows\WinSxS\amd64_microsoft.windows.common-controls_6595b64144ccf1df_6.0.9600.17415_none_6240486fecbd8abb\COMCTL32.dll
0x0000000061f90000 - 0x0000000062062000 	K:\ProgramInstall\JDK\jdk1.8\jdk1.8.0_60\jre\bin\msvcr100.dll
0x0000000060580000 - 0x0000000060e09000 	K:\ProgramInstall\JDK\jdk1.8\jdk1.8.0_60\jre\bin\server\jvm.dll
0x00007ffeaef90000 - 0x00007ffeaef99000 	C:\Windows\SYSTEM32\WSOCK32.dll
0x00007ffead960000 - 0x00007ffead982000 	C:\Windows\SYSTEM32\WINMM.dll
0x00007ffeae8d0000 - 0x00007ffeae8da000 	C:\Windows\SYSTEM32\VERSION.dll
0x00007ffeb2310000 - 0x00007ffeb2317000 	C:\Windows\system32\PSAPI.DLL
0x00007ffeb3bd0000 - 0x00007ffeb3c2a000 	C:\Windows\system32\WS2_32.dll
0x00007ffeaba40000 - 0x00007ffeaba6a000 	C:\Windows\SYSTEM32\WINMMBASE.dll
0x00007ffeb3c30000 - 0x00007ffeb3c39000 	C:\Windows\system32\NSI.dll
0x00007ffeb17c0000 - 0x00007ffeb180f000 	C:\Windows\SYSTEM32\cfgmgr32.dll
0x00007ffeb01e0000 - 0x00007ffeb0208000 	C:\Windows\SYSTEM32\DEVOBJ.dll
0x0000000061f80000 - 0x0000000061f8f000 	K:\ProgramInstall\JDK\jdk1.8\jdk1.8.0_60\jre\bin\verify.dll
0x0000000061e80000 - 0x0000000061ea9000 	K:\ProgramInstall\JDK\jdk1.8\jdk1.8.0_60\jre\bin\java.dll
0x0000000061bc0000 - 0x0000000061bf5000 	K:\ProgramInstall\JDK\jdk1.8\jdk1.8.0_60\jre\bin\jdwp.dll
0x0000000061de0000 - 0x0000000061de8000 	K:\ProgramInstall\JDK\jdk1.8\jdk1.8.0_60\jre\bin\npt.dll
0x0000000061e30000 - 0x0000000061e53000 	K:\ProgramInstall\JDK\jdk1.8\jdk1.8.0_60\jre\bin\instrument.dll
0x0000000061e60000 - 0x0000000061e76000 	K:\ProgramInstall\JDK\jdk1.8\jdk1.8.0_60\jre\bin\zip.dll
0x0000000061dd0000 - 0x0000000061dd9000 	K:\ProgramInstall\JDK\jdk1.8\jdk1.8.0_60\jre\bin\dt_socket.dll
0x00007ffeb0c60000 - 0x00007ffeb0cb9000 	C:\Windows\system32\mswsock.dll
0x00007ffeb0cc0000 - 0x00007ffeb0ce0000 	C:\Windows\SYSTEM32\CRYPTSP.dll
0x00007ffeb0880000 - 0x00007ffeb08b6000 	C:\Windows\system32\rsaenh.dll
0x00007ffeb0f10000 - 0x00007ffeb0f36000 	C:\Windows\SYSTEM32\bcrypt.dll
0x00007ffeb1250000 - 0x00007ffeb12b3000 	C:\Windows\system32\bcryptprimitives.dll
0x00007ffeb12c0000 - 0x00007ffeb12cb000 	C:\Windows\SYSTEM32\CRYPTBASE.dll
0x0000000061e10000 - 0x0000000061e2a000 	K:\ProgramInstall\JDK\jdk1.8\jdk1.8.0_60\jre\bin\net.dll
0x00007ffeab8b0000 - 0x00007ffeab8da000 	C:\Windows\SYSTEM32\IPHLPAPI.DLL
0x00007ffeadab0000 - 0x00007ffeadaba000 	C:\Windows\SYSTEM32\WINNSI.DLL
0x00007ffeaaef0000 - 0x00007ffeaaf06000 	C:\Windows\SYSTEM32\dhcpcsvc6.DLL
0x00007ffeaaed0000 - 0x00007ffeaaeea000 	C:\Windows\SYSTEM32\dhcpcsvc.DLL
0x0000000061df0000 - 0x0000000061e01000 	K:\ProgramInstall\JDK\jdk1.8\jdk1.8.0_60\jre\bin\nio.dll
0x0000000061ed0000 - 0x0000000061edd000 	K:\ProgramInstall\JDK\jdk1.8\jdk1.8.0_60\jre\bin\management.dll
0x00007ffea5720000 - 0x00007ffea5735000 	C:\Windows\system32\napinsp.dll
0x00007ffea5700000 - 0x00007ffea571a000 	C:\Windows\system32\pnrpnsp.dll
0x00007ffeae4b0000 - 0x00007ffeae4cb000 	C:\Windows\system32\NLAapi.dll
0x00007ffeb0a00000 - 0x00007ffeb0aa4000 	C:\Windows\SYSTEM32\DNSAPI.dll
0x00007ffea78f0000 - 0x00007ffea78fd000 	C:\Windows\System32\winrnr.dll
0x00007ffea7ec0000 - 0x00007ffea7eca000 	C:\Windows\System32\rasadhlp.dll
0x00007ffeaabc0000 - 0x00007ffeaac2b000 	C:\Windows\System32\fwpuclnt.dll
0x0000000061d00000 - 0x0000000061d24000 	K:\ProgramInstall\JDK\jdk1.8\jdk1.8.0_60\jre\bin\sunec.dll

VM Arguments:
jvm_args: -agentlib:jdwp=transport=dt_socket,address=127.0.0.1:53444,suspend=y,server=n -Dvisualvm.id=3393546953927117 -XX:TieredStopAtLevel=1 -Xverify:none -Dspring.output.ansi.enabled=always -Dcom.sun.management.jmxremote -Dcom.sun.management.jmxremote.port=53443 -Dcom.sun.management.jmxremote.authenticate=false -Dcom.sun.management.jmxremote.ssl=false -Djava.rmi.server.hostname=localhost -Dspring.liveBeansView.mbeanDomain -Dspring.application.admin.enabled=true -javaagent:K:\ProgramInstall\ideaIU-2018.3.win\lib\rt\debugger-agent.jar -Dfile.encoding=UTF-8 
java_command: io.sam.ProviderPaymentApplication
java_class_path (initial): K:\ProgramInstall\JDK\jdk1.8\jdk1.8.0_60\jre\lib\charsets.jar;K:\ProgramInstall\JDK\jdk1.8\jdk1.8.0_60\jre\lib\deploy.jar;K:\ProgramInstall\JDK\jdk1.8\jdk1.8.0_60\jre\lib\ext\access-bridge-64.jar;K:\ProgramInstall\JDK\jdk1.8\jdk1.8.0_60\jre\lib\ext\cldrdata.jar;K:\ProgramInstall\JDK\jdk1.8\jdk1.8.0_60\jre\lib\ext\dnsns.jar;K:\ProgramInstall\JDK\jdk1.8\jdk1.8.0_60\jre\lib\ext\jaccess.jar;K:\ProgramInstall\JDK\jdk1.8\jdk1.8.0_60\jre\lib\ext\jfxrt.jar;K:\ProgramInstall\JDK\jdk1.8\jdk1.8.0_60\jre\lib\ext\localedata.jar;K:\ProgramInstall\JDK\jdk1.8\jdk1.8.0_60\jre\lib\ext\nashorn.jar;K:\ProgramInstall\JDK\jdk1.8\jdk1.8.0_60\jre\lib\ext\sunec.jar;K:\ProgramInstall\JDK\jdk1.8\jdk1.8.0_60\jre\lib\ext\sunjce_provider.jar;K:\ProgramInstall\JDK\jdk1.8\jdk1.8.0_60\jre\lib\ext\sunmscapi.jar;K:\ProgramInstall\JDK\jdk1.8\jdk1.8.0_60\jre\lib\ext\sunpkcs11.jar;K:\ProgramInstall\JDK\jdk1.8\jdk1.8.0_60\jre\lib\ext\zipfs.jar;K:\ProgramInstall\JDK\jdk1.8\jdk1.8.0_60\jre\lib\javaws.jar;K:\ProgramInstall\JDK\jdk1.8\jdk1.8.0_60\jre\lib\jce.jar;K:\ProgramInstall\JDK\jdk1.8\jdk1.8.0_60\jre\lib\jfr.jar;K:\ProgramInstall\JDK\jdk1.8\jdk1.8.0_60\jre\lib\jfxswt.jar;K:\ProgramInstall\JDK\jdk1.8\jdk1.8.0_60\jre\lib\jsse.jar;K:\ProgramInstall\JDK\jdk1.8\jdk1.8.0_60\jre\lib\management-agent.jar;K:\ProgramInstall\JDK\jdk1.8\jdk1.8.0_60\jre\lib\plugin.jar;K:\ProgramInstall\JDK\jdk1.8\jdk1.8.0_60\jre\lib\resources.jar;K:\ProgramInstall\JDK\jdk1.8\jdk1.8.0_60\jre\lib\rt.jar;F:\IdeaProjectsWorkplace\workspace_git\cloudh\cloud-provider-payment8001\target\classes;F:\IdeaProjectsWorkplace\workspace_git\cloudh\cloud-api-commons\target\classes;F:\Maven\maven_repository\cn\hutool\hutool-all\5.1.0\hutool-all-5.1.0.jar;F:\Maven\maven_repository\com\alibaba\fastjson\1.2.56\fastjson-1.2.56.jar;F:\Maven\maven_repository\org\springframework\boot\spring-boot-starter-web\2.2.2.RELEASE\spring-boot-starter-web-2.2.2.RELEASE.jar;F:\Maven\maven_repository\org\springframework\boot\spring-boot-st
Launcher Type: SUN_STANDARD

Environment Variables:
JAVA_HOME=K:\ProgramInstall\JDK\jdk1.8\jdk1.8.0_60
CLASSPATH=.;K:\ProgramInstall\JDK\jdk1.8\jdk1.8.0_60\lib\dt.jar;K:\ProgramInstall\JDK\jdk1.8\jdk1.8.0_60\lib\tools.jar;
PATH=K:\ProgramInstall\Anaconda3;K:\ProgramInstall\Anaconda3\Library\mingw-w64\bin;K:\ProgramInstall\Anaconda3\Library\usr\bin;K:\ProgramInstall\Anaconda3\Library\bin;K:\ProgramInstall\Anaconda3\Scripts;C:\ProgramData\Oracle\Java\javapath;C:\Windows\system32;C:\Windows;C:\Windows\System32\Wbem;C:\Windows\System32\WindowsPowerShell\v1.0\;C:\Program Files (x86)\NVIDIA Corporation\PhysX\Common;K:\ProgramInstall\JDK\jdk1.8\jdk1.8.0_60\bin;K:\ProgramInstall\JDK\jdk1.8\jdk1.8.0_60\jre\bin;K:\ProgramInstall\MySql\bin;E:\ProgramInstallSSD\Mysql\Mysql5.5\bin;K:\ProgramInstall\Git\Git\bin;C:\Users\sam\AppData\Local\BypassRuntm
USERNAME=sam
OS=Windows_NT
PROCESSOR_IDENTIFIER=Intel64 Family 6 Model 69 Stepping 1, GenuineIntel



---------------  S Y S T E M  ---------------

OS: Windows 8.1 , 64 bit Build 9600 (6.3.9600.17415)

CPU:total 4 (2 cores per cpu, 2 threads per core) family 6 model 69 stepping 1, cmov, cx8, fxsr, mmx, sse, sse2, sse3, ssse3, sse4.1, sse4.2, popcnt, avx, avx2, aes, clmul, erms, lzcnt, ht, tsc, tscinvbit, bmi1, bmi2

Memory: 4k page, physical 4074560k(1297600k free), swap 16657472k(4904k free)

vm_info: Java HotSpot(TM) 64-Bit Server VM (25.60-b23) for windows-amd64 JRE (1.8.0_60-b27), built on Aug  4 2015 11:06:27 by "java_re" with MS VC++ 10.0 (VS2010)

time: Sat Mar 28 17:47:42 2020
elapsed time: 26 seconds (0d 0h 0m 26s)

